# JRE version: Java(TM) SE Runtime Environment (17.0.11+7) (build 17.0.11+7-LTS-207)
# Java VM: Java HotSpot(TM) 64-Bit Server VM (17.0.11+7-LTS-207, mixed mode, sharing, tiered, compressed oops, compressed class ptrs, g1 gc, windows-amd64)
GC Precious Log:
 CPUs: 20 total, 20 available
 Memory: 32472M
 Large Page Support: Disabled
 NUMA Support: Disabled
 Compressed Oops: Enabled (Zero based)
 Heap Region Size: 4M
 Heap Min Capacity: 8M
 Heap Initial Capacity: 508M
 Heap Max Capacity: 8120M
 Pre-touch: Disabled
 Parallel Workers: 15
 Concurrent Workers: 4
 Concurrent Refinement Workers: 15
 Periodic GC: Disabled
Heap:
 garbage-first heap   total 204800K, used 57710K [0x0000000604800000, 0x0000000800000000)
  region size 4096K, 1 young (4096K), 1 survivors (4096K)
 Metaspace       used 56748K, committed 57408K, reserved 1114112K
  class space    used 6185K, committed 6528K, reserved 1048576K
GC Heap History (20 events):
Event: 173492.666 GC heap after
{Heap after GC invocations=1419 (full 201):
 garbage-first heap   total 233472K, used 58416K [0x0000000604800000, 0x0000000800000000)
  region size 4096K, 1 young (4096K), 1 survivors (4096K)
 Metaspace       used 56748K, committed 57408K, reserved 1114112K
  class space    used 6185K, committed 6528K, reserved 1048576K
}
Event: 173492.687 GC heap before
{Heap before GC invocations=1419 (full 201):
 garbage-first heap   total 233472K, used 95280K [0x0000000604800000, 0x0000000800000000)
  region size 4096K, 11 young (45056K), 1 survivors (4096K)
 Metaspace       used 56748K, committed 57408K, reserved 1114112K
  class space    used 6185K, committed 6528K, reserved 1048576K
}
Event: 173492.713 GC heap after
{Heap after GC invocations=1420 (full 202):
 garbage-first heap   total 221184K, used 57084K [0x0000000604800000, 0x0000000800000000)
  region size 4096K, 0 young (0K), 0 survivors (0K)
 Metaspace       used 56748K, committed 57408K, reserved 1114112K
  class space    used 6185K, committed 6528K, reserved 1048576K
}
Event: 173493.423 GC heap before
{Heap before GC invocations=1420 (full 202):
 garbage-first heap   total 221184K, used 179964K [0x0000000604800000, 0x0000000800000000)
  region size 4096K, 30 young (122880K), 0 survivors (0K)
 Metaspace       used 56748K, committed 57408K, reserved 1114112K
  class space    used 6185K, committed 6528K, reserved 1048576K
}
Event: 173493.424 GC heap after
{Heap after GC invocations=1421 (full 202):
 garbage-first heap   total 221184K, used 58802K [0x0000000604800000, 0x0000000800000000)
  region size 4096K, 1 young (4096K), 1 survivors (4096K)
 Metaspace       used 56748K, committed 57408K, reserved 1114112K
  class space    used 6185K, committed 6528K, reserved 1048576K
}
Event: 173495.288 GC heap before
{Heap before GC invocations=1421 (full 202):
 garbage-first heap   total 221184K, used 173490K [0x0000000604800000, 0x0000000800000000)
  region size 4096K, 30 young (122880K), 1 survivors (4096K)
 Metaspace       used 56748K, committed 57408K, reserved 1114112K
  class space    used 6185K, committed 6528K, reserved 1048576K
}
Event: 173495.289 GC heap after
{Heap after GC invocations=1422 (full 202):
 garbage-first heap   total 221184K, used 58773K [0x0000000604800000, 0x0000000800000000)
  region size 4096K, 1 young (4096K), 1 survivors (4096K)
 Metaspace       used 56748K, committed 57408K, reserved 1114112K
  class space    used 6185K, committed 6528K, reserved 1048576K
}
Event: 173495.344 GC heap before
{Heap before GC invocations=1422 (full 202):
 garbage-first heap   total 221184K, used 177557K [0x0000000604800000, 0x0000000800000000)
  region size 4096K, 30 young (122880K), 1 survivors (4096K)
 Metaspace       used 56748K, committed 57408K, reserved 1114112K
  class space    used 6185K, committed 6528K, reserved 1048576K
}
Event: 173495.345 GC heap after
{Heap after GC invocations=1423 (full 202):
 garbage-first heap   total 221184K, used 59439K [0x0000000604800000, 0x0000000800000000)
  region size 4096K, 1 young (4096K), 1 survivors (4096K)
 Metaspace       used 56748K, committed 57408K, reserved 1114112K
  class space    used 6185K, committed 6528K, reserved 1048576K
}
Event: 173495.679 GC heap before
{Heap before GC invocations=1423 (full 202):
 garbage-first heap   total 221184K, used 178223K [0x0000000604800000, 0x0000000800000000)
  region size 4096K, 30 young (122880K), 1 survivors (4096K)
 Metaspace       used 56748K, committed 57408K, reserved 1114112K
  class space    used 6185K, committed 6528K, reserved 1048576K
}
Event: 173495.680 GC heap after
{Heap after GC invocations=1424 (full 202):
 garbage-first heap   total 221184K, used 59269K [0x0000000604800000, 0x0000000800000000)
  region size 4096K, 1 young (4096K), 1 survivors (4096K)
 Metaspace       used 56748K, committed 57408K, reserved 1114112K
  class space    used 6185K, committed 6528K, reserved 1048576K
}
Event: 173496.447 GC heap before
{Heap before GC invocations=1424 (full 202):
 garbage-first heap   total 221184K, used 173957K [0x0000000604800000, 0x0000000800000000)
  region size 4096K, 30 young (122880K), 1 survivors (4096K)
 Metaspace       used 56748K, committed 57408K, reserved 1114112K
  class space    used 6185K, committed 6528K, reserved 1048576K
}
Event: 173496.448 GC heap after
{Heap after GC invocations=1425 (full 202):
 garbage-first heap   total 221184K, used 59350K [0x0000000604800000, 0x0000000800000000)
  region size 4096K, 1 young (4096K), 1 survivors (4096K)
 Metaspace       used 56748K, committed 57408K, reserved 1114112K
  class space    used 6185K, committed 6528K, reserved 1048576K
}
Event: 173496.503 GC heap before
{Heap before GC invocations=1425 (full 202):
 garbage-first heap   total 221184K, used 178134K [0x0000000604800000, 0x0000000800000000)
  region size 4096K, 30 young (122880K), 1 survivors (4096K)
 Metaspace       used 56748K, committed 57408K, reserved 1114112K
  class space    used 6185K, committed 6528K, reserved 1048576K
}
Event: 173496.504 GC heap after
{Heap after GC invocations=1426 (full 202):
 garbage-first heap   total 221184K, used 58947K [0x0000000604800000, 0x0000000800000000)
  region size 4096K, 1 young (4096K), 1 survivors (4096K)
 Metaspace       used 56748K, committed 57408K, reserved 1114112K
  class space    used 6185K, committed 6528K, reserved 1048576K
}
Event: 173497.877 GC heap before
{Heap before GC invocations=1426 (full 202):
 garbage-first heap   total 221184K, used 173635K [0x0000000604800000, 0x0000000800000000)
  region size 4096K, 30 young (122880K), 1 survivors (4096K)
 Metaspace       used 56748K, committed 57408K, reserved 1114112K
  class space    used 6185K, committed 6528K, reserved 1048576K
}
Event: 173497.878 GC heap after
{Heap after GC invocations=1427 (full 202):
 garbage-first heap   total 221184K, used 59653K [0x0000000604800000, 0x0000000800000000)
  region size 4096K, 1 young (4096K), 1 survivors (4096K)
 Metaspace       used 56748K, committed 57408K, reserved 1114112K
  class space    used 6185K, committed 6528K, reserved 1048576K
}
Event: 173498.333 GC heap before
{Heap before GC invocations=1427 (full 202):
 garbage-first heap   total 221184K, used 121093K [0x0000000604800000, 0x0000000800000000)
  region size 4096K, 17 young (69632K), 1 survivors (4096K)
 Metaspace       used 56748K, committed 57408K, reserved 1114112K
  class space    used 6185K, committed 6528K, reserved 1048576K
}
Event: 173498.360 GC heap after
{Heap after GC invocations=1428 (full 203):
 garbage-first heap   total 204800K, used 56018K [0x0000000604800000, 0x0000000800000000)
  region size 4096K, 0 young (0K), 0 survivors (0K)
 Metaspace       used 56748K, committed 57408K, reserved 1114112K
  class space    used 6185K, committed 6528K, reserved 1048576K
}
Event: 173498.514 GC heap before
{Heap before GC invocations=1428 (full 203):
 garbage-first heap   total 204800K, used 166610K [0x0000000604800000, 0x0000000800000000)
  region size 4096K, 28 young (114688K), 0 survivors (0K)
 Metaspace       used 56748K, committed 57408K, reserved 1114112K
  class space    used 6185K, committed 6528K, reserved 1048576K
}

