# JRE version: Java(TM) SE Runtime Environment (17.0.11+7) (build 17.0.11+7-LTS-207)
# Java VM: Java HotSpot(TM) 64-Bit Server VM (17.0.11+7-LTS-207, mixed mode, sharing, tiered, compressed oops, compressed class ptrs, g1 gc, windows-amd64)
GC Precious Log:
 CPUs: 20 total, 20 available
 Memory: 32472M
 Large Page Support: Disabled
 NUMA Support: Disabled
 Compressed Oops: Enabled (Zero based)
 Heap Region Size: 4M
 Heap Min Capacity: 8M
 Heap Initial Capacity: 508M
 Heap Max Capacity: 8120M
 Pre-touch: Disabled
 Parallel Workers: 15
 Concurrent Workers: 4
 Concurrent Refinement Workers: 15
 Periodic GC: Disabled
Heap:
 garbage-first heap   total 782336K, used 88848K [0x0000000604800000, 0x0000000800000000)
  region size 4096K, 8 young (32768K), 2 survivors (8192K)
 Metaspace       used 58398K, committed 59008K, reserved 1114112K
  class space    used 6371K, committed 6720K, reserved 1048576K
GC Heap History (20 events):
Event: 155491.915 GC heap before
{Heap before GC invocations=3250 (full 361):
 garbage-first heap   total 335872K, used 69928K [0x0000000604800000, 0x0000000800000000)
  region size 4096K, 2 young (8192K), 1 survivors (4096K)
 Metaspace       used 58393K, committed 59008K, reserved 1114112K
  class space    used 6371K, committed 6720K, reserved 1048576K
}
Event: 155491.940 GC heap after
{Heap after GC invocations=3251 (full 362):
 garbage-first heap   total 274432K, used 67427K [0x0000000604800000, 0x0000000800000000)
  region size 4096K, 0 young (0K), 0 survivors (0K)
 Metaspace       used 58393K, committed 59008K, reserved 1114112K
  class space    used 6371K, committed 6720K, reserved 1048576K
}
Event: 155492.269 GC heap before
{Heap before GC invocations=3251 (full 362):
 garbage-first heap   total 274432K, used 214883K [0x0000000604800000, 0x0000000800000000)
  region size 4096K, 37 young (151552K), 0 survivors (0K)
 Metaspace       used 58393K, committed 59008K, reserved 1114112K
  class space    used 6371K, committed 6720K, reserved 1048576K
}
Event: 155492.274 GC heap after
{Heap after GC invocations=3252 (full 362):
 garbage-first heap   total 274432K, used 70336K [0x0000000604800000, 0x0000000800000000)
  region size 4096K, 1 young (4096K), 1 survivors (4096K)
 Metaspace       used 58393K, committed 59008K, reserved 1114112K
  class space    used 6371K, committed 6720K, reserved 1048576K
}
Event: 155493.670 GC heap before
{Heap before GC invocations=3252 (full 362):
 garbage-first heap   total 274432K, used 213696K [0x0000000604800000, 0x0000000800000000)
  region size 4096K, 37 young (151552K), 1 survivors (4096K)
 Metaspace       used 58393K, committed 59008K, reserved 1114112K
  class space    used 6371K, committed 6720K, reserved 1048576K
}
Event: 155493.671 GC heap after
{Heap after GC invocations=3253 (full 362):
 garbage-first heap   total 274432K, used 71486K [0x0000000604800000, 0x0000000800000000)
  region size 4096K, 1 young (4096K), 1 survivors (4096K)
 Metaspace       used 58393K, committed 59008K, reserved 1114112K
  class space    used 6371K, committed 6720K, reserved 1048576K
}
Event: 155493.760 GC heap before
{Heap before GC invocations=3253 (full 362):
 garbage-first heap   total 274432K, used 218942K [0x0000000604800000, 0x0000000800000000)
  region size 4096K, 37 young (151552K), 1 survivors (4096K)
 Metaspace       used 58393K, committed 59008K, reserved 1114112K
  class space    used 6371K, committed 6720K, reserved 1048576K
}
Event: 155493.761 GC heap after
{Heap after GC invocations=3254 (full 362):
 garbage-first heap   total 274432K, used 70666K [0x0000000604800000, 0x0000000800000000)
  region size 4096K, 1 young (4096K), 1 survivors (4096K)
 Metaspace       used 58393K, committed 59008K, reserved 1114112K
  class space    used 6371K, committed 6720K, reserved 1048576K
}
Event: 155494.484 GC heap before
{Heap before GC invocations=3254 (full 362):
 garbage-first heap   total 274432K, used 214026K [0x0000000604800000, 0x0000000800000000)
  region size 4096K, 37 young (151552K), 1 survivors (4096K)
 Metaspace       used 58393K, committed 59008K, reserved 1114112K
  class space    used 6371K, committed 6720K, reserved 1048576K
}
Event: 155494.486 GC heap after
{Heap after GC invocations=3255 (full 362):
 garbage-first heap   total 274432K, used 71969K [0x0000000604800000, 0x0000000800000000)
  region size 4096K, 2 young (8192K), 2 survivors (8192K)
 Metaspace       used 58393K, committed 59008K, reserved 1114112K
  class space    used 6371K, committed 6720K, reserved 1048576K
}
Event: 155494.582 GC heap before
{Heap before GC invocations=3255 (full 362):
 garbage-first heap   total 274432K, used 215329K [0x0000000604800000, 0x0000000800000000)
  region size 4096K, 37 young (151552K), 2 survivors (8192K)
 Metaspace       used 58393K, committed 59008K, reserved 1114112K
  class space    used 6371K, committed 6720K, reserved 1048576K
}
Event: 155494.590 GC heap after
{Heap after GC invocations=3256 (full 362):
 garbage-first heap   total 274432K, used 71434K [0x0000000604800000, 0x0000000800000000)
  region size 4096K, 1 young (4096K), 1 survivors (4096K)
 Metaspace       used 58393K, committed 59008K, reserved 1114112K
  class space    used 6371K, committed 6720K, reserved 1048576K
}
Event: 155494.781 GC heap before
{Heap before GC invocations=3256 (full 362):
 garbage-first heap   total 274432K, used 218890K [0x0000000604800000, 0x0000000800000000)
  region size 4096K, 37 young (151552K), 1 survivors (4096K)
 Metaspace       used 58393K, committed 59008K, reserved 1114112K
  class space    used 6371K, committed 6720K, reserved 1048576K
}
Event: 155494.782 GC heap after
{Heap after GC invocations=3257 (full 362):
 garbage-first heap   total 274432K, used 70961K [0x0000000604800000, 0x0000000800000000)
  region size 4096K, 1 young (4096K), 1 survivors (4096K)
 Metaspace       used 58393K, committed 59008K, reserved 1114112K
  class space    used 6371K, committed 6720K, reserved 1048576K
}
Event: 155494.855 GC heap before
{Heap before GC invocations=3257 (full 362):
 garbage-first heap   total 274432K, used 218417K [0x0000000604800000, 0x0000000800000000)
  region size 4096K, 37 young (151552K), 1 survivors (4096K)
 Metaspace       used 58393K, committed 59008K, reserved 1114112K
  class space    used 6371K, committed 6720K, reserved 1048576K
}
Event: 155494.857 GC heap after
{Heap after GC invocations=3258 (full 362):
 garbage-first heap   total 274432K, used 71322K [0x0000000604800000, 0x0000000800000000)
  region size 4096K, 1 young (4096K), 1 survivors (4096K)
 Metaspace       used 58393K, committed 59008K, reserved 1114112K
  class space    used 6371K, committed 6720K, reserved 1048576K
}
Event: 155495.123 GC heap before
{Heap before GC invocations=3258 (full 362):
 garbage-first heap   total 274432K, used 218778K [0x0000000604800000, 0x0000000800000000)
  region size 4096K, 38 young (155648K), 1 survivors (4096K)
 Metaspace       used 58393K, committed 59008K, reserved 1114112K
  class space    used 6371K, committed 6720K, reserved 1048576K
}
Event: 155495.125 GC heap after
{Heap after GC invocations=3259 (full 362):
 garbage-first heap   total 782336K, used 71120K [0x0000000604800000, 0x0000000800000000)
  region size 4096K, 1 young (4096K), 1 survivors (4096K)
 Metaspace       used 58393K, committed 59008K, reserved 1114112K
  class space    used 6371K, committed 6720K, reserved 1048576K
}
Event: 155496.088 GC heap before
{Heap before GC invocations=3259 (full 362):
 garbage-first heap   total 782336K, used 533968K [0x0000000604800000, 0x0000000800000000)
  region size 4096K, 114 young (466944K), 1 survivors (4096K)
 Metaspace       used 58398K, committed 59008K, reserved 1114112K
  class space    used 6371K, committed 6720K, reserved 1048576K
}
Event: 155496.090 GC heap after
{Heap after GC invocations=3260 (full 362):
 garbage-first heap   total 782336K, used 72464K [0x0000000604800000, 0x0000000800000000)
  region size 4096K, 2 young (8192K), 2 survivors (8192K)
 Metaspace       used 58398K, committed 59008K, reserved 1114112K
  class space    used 6371K, committed 6720K, reserved 1048576K
}

